生成启动时间为 2024/10/2 22:45:05。
     1>项目“F:\VC2010.program\THQ\THQ.5.exercise 5\THQ.5.exercise 5\THQ.5.exercise 5.vcxproj”在节点 2 上(build 个目标)。
     1>PrepareForBuild:
         正在创建目录“F:\VC2010.program\THQ\THQ.5.exercise 5\Debug\”。
       InitializeBuildStatus:
         正在创建“Debug\THQ.5.exercise 5.unsuccessfulbuild”，因为已指定“AlwaysCreate”。
       ClCompile:
         C:\Program Files (x86)\Microsoft Visual Studio 10.0\VC\bin\CL.exe /c /ZI /nologo /W3 /WX- /Od /Oy- /D WIN32 /D _DEBUG /D _CONSOLE /D _UNICODE /D UNICODE /Gm /EHsc /RTC1 /MDd /GS /fp:precise /Zc:wchar_t /Zc:forScope /Fo"Debug\\" /Fd"Debug\vc100.pdb" /Gd /TC /analyze- /errorReport:prompt main.c
         main.c
     1>f:\vc2010.program\thq\thq.5.exercise 5\thq.5.exercise 5\main.c(17): warning C4996: 'scanf': This function or variable may be unsafe. Consider using scanf_s instead. To disable deprecation, use _CRT_SECURE_NO_WARNINGS. See online help for details.
                 c:\program files (x86)\microsoft visual studio 10.0\vc\include\stdio.h(304) : 参见“scanf”的声明
     1>f:\vc2010.program\thq\thq.5.exercise 5\thq.5.exercise 5\main.c(18): warning C4996: 'scanf': This function or variable may be unsafe. Consider using scanf_s instead. To disable deprecation, use _CRT_SECURE_NO_WARNINGS. See online help for details.
                 c:\program files (x86)\microsoft visual studio 10.0\vc\include\stdio.h(304) : 参见“scanf”的声明
       ManifestResourceCompile:
         C:\Program Files (x86)\Microsoft SDKs\Windows\v7.0A\bin\rc.exe /nologo /fo"Debug\THQ.5.exercise 5.exe.embed.manifest.res" "Debug\THQ.5.exercise 5_manifest.rc" 
       Link:
         C:\Program Files (x86)\Microsoft Visual Studio 10.0\VC\bin\link.exe /ERRORREPORT:PROMPT /OUT:"F:\VC2010.program\THQ\THQ.5.exercise 5\Debug\THQ.5.exercise 5.exe" /INCREMENTAL /NOLOGO kernel32.lib user32.lib gdi32.lib winspool.lib comdlg32.lib advapi32.lib shell32.lib ole32.lib oleaut32.lib uuid.lib odbc32.lib odbccp32.lib /MANIFEST /ManifestFile:"Debug\THQ.5.exercise 5.exe.intermediate.manifest" /MANIFESTUAC:"level='asInvoker' uiAccess='false'" /DEBUG /PDB:"F:\VC2010.program\THQ\THQ.5.exercise 5\Debug\THQ.5.exercise 5.pdb" /SUBSYSTEM:CONSOLE /TLBID:1 /DYNAMICBASE /NXCOMPAT /IMPLIB:"F:\VC2010.program\THQ\THQ.5.exercise 5\Debug\THQ.5.exercise 5.lib" /MACHINE:X86 "Debug\THQ.5.exercise 5.exe.embed.manifest.res"
         Debug\main.obj
       Manifest:
         C:\Program Files (x86)\Microsoft SDKs\Windows\v7.0A\bin\mt.exe /nologo /verbose /out:"Debug\THQ.5.exercise 5.exe.embed.manifest" /manifest "Debug\THQ.5.exercise 5.exe.intermediate.manifest"
         C:\Program Files (x86)\Microsoft SDKs\Windows\v7.0A\bin\rc.exe /nologo /fo"Debug\THQ.5.exercise 5.exe.embed.manifest.res" "Debug\THQ.5.exercise 5_manifest.rc" 
       LinkEmbedManifest:
         C:\Program Files (x86)\Microsoft Visual Studio 10.0\VC\bin\link.exe /ERRORREPORT:PROMPT /OUT:"F:\VC2010.program\THQ\THQ.5.exercise 5\Debug\THQ.5.exercise 5.exe" /INCREMENTAL /NOLOGO kernel32.lib user32.lib gdi32.lib winspool.lib comdlg32.lib advapi32.lib shell32.lib ole32.lib oleaut32.lib uuid.lib odbc32.lib odbccp32.lib /MANIFEST /ManifestFile:"Debug\THQ.5.exercise 5.exe.intermediate.manifest" /MANIFESTUAC:"level='asInvoker' uiAccess='false'" /DEBUG /PDB:"F:\VC2010.program\THQ\THQ.5.exercise 5\Debug\THQ.5.exercise 5.pdb" /SUBSYSTEM:CONSOLE /TLBID:1 /DYNAMICBASE /NXCOMPAT /IMPLIB:"F:\VC2010.program\THQ\THQ.5.exercise 5\Debug\THQ.5.exercise 5.lib" /MACHINE:X86 "Debug\THQ.5.exercise 5.exe.embed.manifest.res"
         Debug\main.obj
         THQ.5.exercise 5.vcxproj -> F:\VC2010.program\THQ\THQ.5.exercise 5\Debug\THQ.5.exercise 5.exe
       FinalizeBuildStatus:
         正在删除文件“Debug\THQ.5.exercise 5.unsuccessfulbuild”。
         正在对“Debug\THQ.5.exercise 5.lastbuildstate”执行 Touch 任务。
     1>已完成生成项目“F:\VC2010.program\THQ\THQ.5.exercise 5\THQ.5.exercise 5\THQ.5.exercise 5.vcxproj”(build 个目标)的操作。

生成成功。

已用时间 00:00:01.63
